This is pdfTeX, Version 3.14159265-2.6-1.40.18 (TeX Live 2017/Debian) (preloaded format=pdflatex 2021.3.4)  28 FEB 2024 17:19
entering extended mode
 restricted \write18 enabled.
 %&-line parsing enabled.
**Module7_Exam_Two.tex
(./Module7_Exam_Two.tex
LaTeX2e <2017-04-15>
Babel <3.18> and hyphenation patterns for 5 language(s) loaded.
(/usr/share/texlive/texmf-dist/tex/latex/amscls/amsart.cls
Document Class: amsart 2017/10/31 v2.20.4
\linespacing=\dimen102
\normalparindent=\dimen103
\normaltopskip=\skip41
(/usr/share/texlive/texmf-dist/tex/latex/amsmath/amsmath.sty
Package: amsmath 2017/09/02 v2.17a AMS math features
\@mathmargin=\skip42

For additional information on amsmath, use the `?' option.
(/usr/share/texlive/texmf-dist/tex/latex/amsmath/amstext.sty
Package: amstext 2000/06/29 v2.01 AMS text

(/usr/share/texlive/texmf-dist/tex/latex/amsmath/amsgen.sty
File: amsgen.sty 1999/11/30 v2.0 generic functions
\@emptytoks=\toks14
\ex@=\dimen104
))
(/usr/share/texlive/texmf-dist/tex/latex/amsmath/amsbsy.sty
Package: amsbsy 1999/11/29 v1.2d Bold Symbols
\pmbraise@=\dimen105
)
(/usr/share/texlive/texmf-dist/tex/latex/amsmath/amsopn.sty
Package: amsopn 2016/03/08 v2.02 operator names
)
\inf@bad=\count79
LaTeX Info: Redefining \frac on input line 213.
\uproot@=\count80
\leftroot@=\count81
LaTeX Info: Redefining \overline on input line 375.
\classnum@=\count82
\DOTSCASE@=\count83
LaTeX Info: Redefining \ldots on input line 472.
LaTeX Info: Redefining \dots on input line 475.
LaTeX Info: Redefining \cdots on input line 596.
\Mathstrutbox@=\box26
\strutbox@=\box27
\big@size=\dimen106
LaTeX Font Info:    Redeclaring font encoding OML on input line 712.
LaTeX Font Info:    Redeclaring font encoding OMS on input line 713.
\macc@depth=\count84
\c@MaxMatrixCols=\count85
\dotsspace@=\muskip10
\c@parentequation=\count86
\dspbrk@lvl=\count87
\tag@help=\toks15
\row@=\count88
\column@=\count89
\maxfields@=\count90
\andhelp@=\toks16
\eqnshift@=\dimen107
\alignsep@=\dimen108
\tagshift@=\dimen109
\tagwidth@=\dimen110
\totwidth@=\dimen111
\lineht@=\dimen112
\@envbody=\toks17
\multlinegap=\skip43
\multlinetaggap=\skip44
\mathdisplay@stack=\toks18
LaTeX Info: Redefining \[ on input line 2817.
LaTeX Info: Redefining \] on input line 2818.
)
LaTeX Font Info:    Try loading font information for U+msa on input line 398.

(/usr/share/texlive/texmf-dist/tex/latex/amsfonts/umsa.fd
File: umsa.fd 2013/01/14 v3.01 AMS symbols A
)
(/usr/share/texlive/texmf-dist/tex/latex/amsfonts/amsfonts.sty
Package: amsfonts 2013/01/14 v3.01 Basic AMSFonts support
\symAMSa=\mathgroup4
\symAMSb=\mathgroup5
LaTeX Font Info:    Overwriting math alphabet `\mathfrak' in version `bold'
(Font)                  U/euf/m/n --> U/euf/b/n on input line 106.
)
\copyins=\insert199
\abstractbox=\box28
\listisep=\skip45
\c@part=\count91
\c@section=\count92
\c@subsection=\count93
\c@subsubsection=\count94
\c@paragraph=\count95
\c@subparagraph=\count96
\c@figure=\count97
\c@table=\count98
\abovecaptionskip=\skip46
\belowcaptionskip=\skip47
\captionindent=\dimen113
\thm@style=\toks19
\thm@bodyfont=\toks20
\thm@headfont=\toks21
\thm@notefont=\toks22
\thm@headpunct=\toks23
\thm@preskip=\skip48
\thm@postskip=\skip49
\thm@headsep=\skip50
\dth@everypar=\toks24
)
(/usr/share/texlive/texmf-dist/tex/latex/graphics/graphicx.sty
Package: graphicx 2017/06/01 v1.1a Enhanced LaTeX Graphics (DPC,SPQR)

(/usr/share/texlive/texmf-dist/tex/latex/graphics/keyval.sty
Package: keyval 2014/10/28 v1.15 key=value parser (DPC)
\KV@toks@=\toks25
)
(/usr/share/texlive/texmf-dist/tex/latex/graphics/graphics.sty
Package: graphics 2017/06/25 v1.2c Standard LaTeX Graphics (DPC,SPQR)

(/usr/share/texlive/texmf-dist/tex/latex/graphics/trig.sty
Package: trig 2016/01/03 v1.10 sin cos tan (DPC)
)
(/usr/share/texlive/texmf-dist/tex/latex/graphics-cfg/graphics.cfg
File: graphics.cfg 2016/06/04 v1.11 sample graphics configuration
)
Package graphics Info: Driver file: pdftex.def on input line 99.

(/usr/share/texlive/texmf-dist/tex/latex/graphics-def/pdftex.def
File: pdftex.def 2018/01/08 v1.0l Graphics/color driver for pdftex
))
\Gin@req@height=\dimen114
\Gin@req@width=\dimen115
)
(/usr/share/texlive/texmf-dist/tex/latex/enumitem/enumitem.sty
Package: enumitem 2011/09/28 v3.5.2 Customized lists
\labelindent=\skip51
\enit@outerparindent=\dimen116
\enit@toks=\toks26
\enit@inbox=\box29
\enitdp@description=\count99
)
\c@thm=\count100


Package amsthm Warning: Unknown theoremstyle `Exercise' on input line 20.


Package amsthm Warning: Unknown theoremstyle `rule' on input line 24.

(/usr/share/texlive/texmf-dist/tex/latex/pdfpages/pdfpages.sty
Package: pdfpages 2017/10/31 v0.5l Insert pages of external PDF documents (AM)

(/usr/share/texlive/texmf-dist/tex/latex/base/ifthen.sty
Package: ifthen 2014/09/29 v1.1c Standard LaTeX ifthen package (DPC)
)
(/usr/share/texlive/texmf-dist/tex/latex/tools/calc.sty
Package: calc 2014/10/28 v4.3 Infix arithmetic (KKT,FJ)
\calc@Acount=\count101
\calc@Bcount=\count102
\calc@Adimen=\dimen117
\calc@Bdimen=\dimen118
\calc@Askip=\skip52
\calc@Bskip=\skip53
LaTeX Info: Redefining \setlength on input line 80.
LaTeX Info: Redefining \addtolength on input line 81.
\calc@Ccount=\count103
\calc@Cskip=\skip54
)
(/usr/share/texlive/texmf-dist/tex/latex/eso-pic/eso-pic.sty
Package: eso-pic 2015/07/21 v2.0g eso-pic (RN)

(/usr/share/texlive/texmf-dist/tex/generic/oberdiek/atbegshi.sty
Package: atbegshi 2016/06/09 v1.18 At begin shipout hook (HO)

(/usr/share/texlive/texmf-dist/tex/generic/oberdiek/infwarerr.sty
Package: infwarerr 2016/05/16 v1.4 Providing info/warning/error messages (HO)
)
(/usr/share/texlive/texmf-dist/tex/generic/oberdiek/ltxcmds.sty
Package: ltxcmds 2016/05/16 v1.23 LaTeX kernel commands for general use (HO)
)
(/usr/share/texlive/texmf-dist/tex/generic/oberdiek/ifpdf.sty
Package: ifpdf 2017/03/15 v3.2 Provides the ifpdf switch
))
(/usr/share/texlive/texmf-dist/tex/latex/xcolor/xcolor.sty
Package: xcolor 2016/05/11 v2.12 LaTeX color extensions (UK)

(/usr/share/texlive/texmf-dist/tex/latex/graphics-cfg/color.cfg
File: color.cfg 2016/01/02 v1.6 sample color configuration
)
Package xcolor Info: Driver file: pdftex.def on input line 225.
Package xcolor Info: Model `cmy' substituted by `cmy0' on input line 1348.
Package xcolor Info: Model `hsb' substituted by `rgb' on input line 1352.
Package xcolor Info: Model `RGB' extended on input line 1364.
Package xcolor Info: Model `HTML' substituted by `rgb' on input line 1366.
Package xcolor Info: Model `Hsb' substituted by `hsb' on input line 1367.
Package xcolor Info: Model `tHsb' substituted by `hsb' on input line 1368.
Package xcolor Info: Model `HSB' substituted by `hsb' on input line 1369.
Package xcolor Info: Model `Gray' substituted by `gray' on input line 1370.
Package xcolor Info: Model `wave' substituted by `hsb' on input line 1371.
))
\AM@pagewidth=\dimen119
\AM@pageheight=\dimen120

(/usr/share/texlive/texmf-dist/tex/latex/pdfpages/pppdftex.def
File: pppdftex.def 2017/10/31 v0.5l Pdfpages driver for pdfTeX (AM)
)
\AM@pagebox=\box30
\AM@global@opts=\toks27
\AM@toc@title=\toks28
\c@AM@survey=\count104
\AM@templatesizebox=\box31
)
(/usr/share/texlive/texmf-dist/tex/latex/geometry/geometry.sty
Package: geometry 2010/09/12 v5.6 Page Geometry

(/usr/share/texlive/texmf-dist/tex/generic/oberdiek/ifvtex.sty
Package: ifvtex 2016/05/16 v1.6 Detect VTeX and its facilities (HO)
Package ifvtex Info: VTeX not detected.
)
(/usr/share/texlive/texmf-dist/tex/generic/ifxetex/ifxetex.sty
Package: ifxetex 2010/09/12 v0.6 Provides ifxetex conditional
)
\Gm@cnth=\count105
\Gm@cntv=\count106
\c@Gm@tempcnt=\count107
\Gm@bindingoffset=\dimen121
\Gm@wd@mp=\dimen122
\Gm@odd@mp=\dimen123
\Gm@even@mp=\dimen124
\Gm@layoutwidth=\dimen125
\Gm@layoutheight=\dimen126
\Gm@layouthoffset=\dimen127
\Gm@layoutvoffset=\dimen128
\Gm@dimlist=\toks29
)
(/usr/share/texlive/texmf-dist/tex/latex/pgf/frontendlayer/tikz.sty
(/usr/share/texlive/texmf-dist/tex/latex/pgf/basiclayer/pgf.sty
(/usr/share/texlive/texmf-dist/tex/latex/pgf/utilities/pgfrcs.sty
(/usr/share/texlive/texmf-dist/tex/generic/pgf/utilities/pgfutil-common.tex
\pgfutil@everybye=\toks30
\pgfutil@tempdima=\dimen129
\pgfutil@tempdimb=\dimen130

(/usr/share/texlive/texmf-dist/tex/generic/pgf/utilities/pgfutil-common-lists.t
ex)) (/usr/share/texlive/texmf-dist/tex/generic/pgf/utilities/pgfutil-latex.def
\pgfutil@abb=\box32
(/usr/share/texlive/texmf-dist/tex/latex/ms/everyshi.sty
Package: everyshi 2001/05/15 v3.00 EveryShipout Package (MS)
))
(/usr/share/texlive/texmf-dist/tex/generic/pgf/utilities/pgfrcs.code.tex
Package: pgfrcs 2015/08/07 v3.0.1a (rcs-revision 1.31)
))
Package: pgf 2015/08/07 v3.0.1a (rcs-revision 1.15)

(/usr/share/texlive/texmf-dist/tex/latex/pgf/basiclayer/pgfcore.sty
(/usr/share/texlive/texmf-dist/tex/latex/pgf/systemlayer/pgfsys.sty
(/usr/share/texlive/texmf-dist/tex/generic/pgf/systemlayer/pgfsys.code.tex
Package: pgfsys 2014/07/09 v3.0.1a (rcs-revision 1.48)

(/usr/share/texlive/texmf-dist/tex/generic/pgf/utilities/pgfkeys.code.tex
\pgfkeys@pathtoks=\toks31
\pgfkeys@temptoks=\toks32

(/usr/share/texlive/texmf-dist/tex/generic/pgf/utilities/pgfkeysfiltered.code.t
ex
\pgfkeys@tmptoks=\toks33
))
\pgf@x=\dimen131
\pgf@y=\dimen132
\pgf@xa=\dimen133
\pgf@ya=\dimen134
\pgf@xb=\dimen135
\pgf@yb=\dimen136
\pgf@xc=\dimen137
\pgf@yc=\dimen138
\w@pgf@writea=\write3
\r@pgf@reada=\read1
\c@pgf@counta=\count108
\c@pgf@countb=\count109
\c@pgf@countc=\count110
\c@pgf@countd=\count111
\t@pgf@toka=\toks34
\t@pgf@tokb=\toks35
\t@pgf@tokc=\toks36
 (/usr/share/texlive/texmf-dist/tex/generic/pgf/systemlayer/pgf.cfg
File: pgf.cfg 2008/05/14  (rcs-revision 1.7)
)
Driver file for pgf: pgfsys-pdftex.def

(/usr/share/texlive/texmf-dist/tex/generic/pgf/systemlayer/pgfsys-pdftex.def
File: pgfsys-pdftex.def 2014/10/11  (rcs-revision 1.35)

(/usr/share/texlive/texmf-dist/tex/generic/pgf/systemlayer/pgfsys-common-pdf.de
f
File: pgfsys-common-pdf.def 2013/10/10  (rcs-revision 1.13)
)))
(/usr/share/texlive/texmf-dist/tex/generic/pgf/systemlayer/pgfsyssoftpath.code.
tex
File: pgfsyssoftpath.code.tex 2013/09/09  (rcs-revision 1.9)
\pgfsyssoftpath@smallbuffer@items=\count112
\pgfsyssoftpath@bigbuffer@items=\count113
)
(/usr/share/texlive/texmf-dist/tex/generic/pgf/systemlayer/pgfsysprotocol.code.
tex
File: pgfsysprotocol.code.tex 2006/10/16  (rcs-revision 1.4)
))
(/usr/share/texlive/texmf-dist/tex/generic/pgf/basiclayer/pgfcore.code.tex
Package: pgfcore 2010/04/11 v3.0.1a (rcs-revision 1.7)

(/usr/share/texlive/texmf-dist/tex/generic/pgf/math/pgfmath.code.tex
(/usr/share/texlive/texmf-dist/tex/generic/pgf/math/pgfmathcalc.code.tex
(/usr/share/texlive/texmf-dist/tex/generic/pgf/math/pgfmathutil.code.tex)
(/usr/share/texlive/texmf-dist/tex/generic/pgf/math/pgfmathparser.code.tex
\pgfmath@dimen=\dimen139
\pgfmath@count=\count114
\pgfmath@box=\box33
\pgfmath@toks=\toks37
\pgfmath@stack@operand=\toks38
\pgfmath@stack@operation=\toks39
)
(/usr/share/texlive/texmf-dist/tex/generic/pgf/math/pgfmathfunctions.code.tex
(/usr/share/texlive/texmf-dist/tex/generic/pgf/math/pgfmathfunctions.basic.code
.tex)
(/usr/share/texlive/texmf-dist/tex/generic/pgf/math/pgfmathfunctions.trigonomet
ric.code.tex)
(/usr/share/texlive/texmf-dist/tex/generic/pgf/math/pgfmathfunctions.random.cod
e.tex)
(/usr/share/texlive/texmf-dist/tex/generic/pgf/math/pgfmathfunctions.comparison
.code.tex)
(/usr/share/texlive/texmf-dist/tex/generic/pgf/math/pgfmathfunctions.base.code.
tex)
(/usr/share/texlive/texmf-dist/tex/generic/pgf/math/pgfmathfunctions.round.code
.tex)
(/usr/share/texlive/texmf-dist/tex/generic/pgf/math/pgfmathfunctions.misc.code.
tex)
(/usr/share/texlive/texmf-dist/tex/generic/pgf/math/pgfmathfunctions.integerari
thmetics.code.tex)))
(/usr/share/texlive/texmf-dist/tex/generic/pgf/math/pgfmathfloat.code.tex
\c@pgfmathroundto@lastzeros=\count115
))
(/usr/share/texlive/texmf-dist/tex/generic/pgf/basiclayer/pgfcorepoints.code.te
x
File: pgfcorepoints.code.tex 2013/10/07  (rcs-revision 1.27)
\pgf@picminx=\dimen140
\pgf@picmaxx=\dimen141
\pgf@picminy=\dimen142
\pgf@picmaxy=\dimen143
\pgf@pathminx=\dimen144
\pgf@pathmaxx=\dimen145
\pgf@pathminy=\dimen146
\pgf@pathmaxy=\dimen147
\pgf@xx=\dimen148
\pgf@xy=\dimen149
\pgf@yx=\dimen150
\pgf@yy=\dimen151
\pgf@zx=\dimen152
\pgf@zy=\dimen153
)
(/usr/share/texlive/texmf-dist/tex/generic/pgf/basiclayer/pgfcorepathconstruct.
code.tex
File: pgfcorepathconstruct.code.tex 2013/10/07  (rcs-revision 1.29)
\pgf@path@lastx=\dimen154
\pgf@path@lasty=\dimen155
)
(/usr/share/texlive/texmf-dist/tex/generic/pgf/basiclayer/pgfcorepathusage.code
.tex
File: pgfcorepathusage.code.tex 2014/11/02  (rcs-revision 1.24)
\pgf@shorten@end@additional=\dimen156
\pgf@shorten@start@additional=\dimen157
)
(/usr/share/texlive/texmf-dist/tex/generic/pgf/basiclayer/pgfcorescopes.code.te
x
File: pgfcorescopes.code.tex 2015/05/08  (rcs-revision 1.46)
\pgfpic=\box34
\pgf@hbox=\box35
\pgf@layerbox@main=\box36
\pgf@picture@serial@count=\count116
)
(/usr/share/texlive/texmf-dist/tex/generic/pgf/basiclayer/pgfcoregraphicstate.c
ode.tex
File: pgfcoregraphicstate.code.tex 2014/11/02  (rcs-revision 1.12)
\pgflinewidth=\dimen158
)
(/usr/share/texlive/texmf-dist/tex/generic/pgf/basiclayer/pgfcoretransformation
s.code.tex
File: pgfcoretransformations.code.tex 2015/08/07  (rcs-revision 1.20)
\pgf@pt@x=\dimen159
\pgf@pt@y=\dimen160
\pgf@pt@temp=\dimen161
)
(/usr/share/texlive/texmf-dist/tex/generic/pgf/basiclayer/pgfcorequick.code.tex
File: pgfcorequick.code.tex 2008/10/09  (rcs-revision 1.3)
)
(/usr/share/texlive/texmf-dist/tex/generic/pgf/basiclayer/pgfcoreobjects.code.t
ex
File: pgfcoreobjects.code.tex 2006/10/11  (rcs-revision 1.2)
)
(/usr/share/texlive/texmf-dist/tex/generic/pgf/basiclayer/pgfcorepathprocessing
.code.tex
File: pgfcorepathprocessing.code.tex 2013/09/09  (rcs-revision 1.9)
)
(/usr/share/texlive/texmf-dist/tex/generic/pgf/basiclayer/pgfcorearrows.code.te
x
File: pgfcorearrows.code.tex 2015/05/14  (rcs-revision 1.43)
\pgfarrowsep=\dimen162
)
(/usr/share/texlive/texmf-dist/tex/generic/pgf/basiclayer/pgfcoreshade.code.tex
File: pgfcoreshade.code.tex 2013/07/15  (rcs-revision 1.15)
\pgf@max=\dimen163
\pgf@sys@shading@range@num=\count117
)
(/usr/share/texlive/texmf-dist/tex/generic/pgf/basiclayer/pgfcoreimage.code.tex
File: pgfcoreimage.code.tex 2013/07/15  (rcs-revision 1.18)

(/usr/share/texlive/texmf-dist/tex/generic/pgf/basiclayer/pgfcoreexternal.code.
tex
File: pgfcoreexternal.code.tex 2014/07/09  (rcs-revision 1.21)
\pgfexternal@startupbox=\box37
))
(/usr/share/texlive/texmf-dist/tex/generic/pgf/basiclayer/pgfcorelayers.code.te
x
File: pgfcorelayers.code.tex 2013/07/18  (rcs-revision 1.7)
)
(/usr/share/texlive/texmf-dist/tex/generic/pgf/basiclayer/pgfcoretransparency.c
ode.tex
File: pgfcoretransparency.code.tex 2013/09/30  (rcs-revision 1.5)
)
(/usr/share/texlive/texmf-dist/tex/generic/pgf/basiclayer/pgfcorepatterns.code.
tex
File: pgfcorepatterns.code.tex 2013/11/07  (rcs-revision 1.5)
)))
(/usr/share/texlive/texmf-dist/tex/generic/pgf/modules/pgfmoduleshapes.code.tex
File: pgfmoduleshapes.code.tex 2014/03/21  (rcs-revision 1.35)
\pgfnodeparttextbox=\box38
) (/usr/share/texlive/texmf-dist/tex/generic/pgf/modules/pgfmoduleplot.code.tex
File: pgfmoduleplot.code.tex 2015/08/03  (rcs-revision 1.13)
)
(/usr/share/texlive/texmf-dist/tex/latex/pgf/compatibility/pgfcomp-version-0-65
.sty
Package: pgfcomp-version-0-65 2007/07/03 v3.0.1a (rcs-revision 1.7)
\pgf@nodesepstart=\dimen164
\pgf@nodesepend=\dimen165
)
(/usr/share/texlive/texmf-dist/tex/latex/pgf/compatibility/pgfcomp-version-1-18
.sty
Package: pgfcomp-version-1-18 2007/07/23 v3.0.1a (rcs-revision 1.1)
)) (/usr/share/texlive/texmf-dist/tex/latex/pgf/utilities/pgffor.sty
(/usr/share/texlive/texmf-dist/tex/latex/pgf/utilities/pgfkeys.sty
(/usr/share/texlive/texmf-dist/tex/generic/pgf/utilities/pgfkeys.code.tex))
(/usr/share/texlive/texmf-dist/tex/latex/pgf/math/pgfmath.sty
(/usr/share/texlive/texmf-dist/tex/generic/pgf/math/pgfmath.code.tex))
(/usr/share/texlive/texmf-dist/tex/generic/pgf/utilities/pgffor.code.tex
Package: pgffor 2013/12/13 v3.0.1a (rcs-revision 1.25)

(/usr/share/texlive/texmf-dist/tex/generic/pgf/math/pgfmath.code.tex)
\pgffor@iter=\dimen166
\pgffor@skip=\dimen167
\pgffor@stack=\toks40
\pgffor@toks=\toks41
))
(/usr/share/texlive/texmf-dist/tex/generic/pgf/frontendlayer/tikz/tikz.code.tex
Package: tikz 2015/08/07 v3.0.1a (rcs-revision 1.151)

(/usr/share/texlive/texmf-dist/tex/generic/pgf/libraries/pgflibraryplothandlers
.code.tex
File: pgflibraryplothandlers.code.tex 2013/08/31 v3.0.1a (rcs-revision 1.20)
\pgf@plot@mark@count=\count118
\pgfplotmarksize=\dimen168
)
\tikz@lastx=\dimen169
\tikz@lasty=\dimen170
\tikz@lastxsaved=\dimen171
\tikz@lastysaved=\dimen172
\tikzleveldistance=\dimen173
\tikzsiblingdistance=\dimen174
\tikz@figbox=\box39
\tikz@figbox@bg=\box40
\tikz@tempbox=\box41
\tikz@tempbox@bg=\box42
\tikztreelevel=\count119
\tikznumberofchildren=\count120
\tikznumberofcurrentchild=\count121
\tikz@fig@count=\count122

(/usr/share/texlive/texmf-dist/tex/generic/pgf/modules/pgfmodulematrix.code.tex
File: pgfmodulematrix.code.tex 2013/09/17  (rcs-revision 1.8)
\pgfmatrixcurrentrow=\count123
\pgfmatrixcurrentcolumn=\count124
\pgf@matrix@numberofcolumns=\count125
)
\tikz@expandcount=\count126

(/usr/share/texlive/texmf-dist/tex/generic/pgf/frontendlayer/tikz/libraries/tik
zlibrarytopaths.code.tex
File: tikzlibrarytopaths.code.tex 2008/06/17 v3.0.1a (rcs-revision 1.2)
)))
(/usr/share/texlive/texmf-dist/tex/latex/fancyhdr/fancyhdr.sty
Package: fancyhdr 2017/06/30 v3.9a Extensive control of page headers and footer
s
\f@nch@headwidth=\skip55
\f@nch@O@elh=\skip56
\f@nch@O@erh=\skip57
\f@nch@O@olh=\skip58
\f@nch@O@orh=\skip59
\f@nch@O@elf=\skip60
\f@nch@O@erf=\skip61
\f@nch@O@olf=\skip62
\f@nch@O@orf=\skip63
)
(./Module7_Exam_Two.aux)
\openout1 = `Module7_Exam_Two.aux'.

LaTeX Font Info:    Checking defaults for OML/cmm/m/it on input line 173.
LaTeX Font Info:    ... okay on input line 173.
LaTeX Font Info:    Checking defaults for T1/cmr/m/n on input line 173.
LaTeX Font Info:    ... okay on input line 173.
LaTeX Font Info:    Checking defaults for OT1/cmr/m/n on input line 173.
LaTeX Font Info:    ... okay on input line 173.
LaTeX Font Info:    Checking defaults for OMS/cmsy/m/n on input line 173.
LaTeX Font Info:    ... okay on input line 173.
LaTeX Font Info:    Checking defaults for OMX/cmex/m/n on input line 173.
LaTeX Font Info:    ... okay on input line 173.
LaTeX Font Info:    Checking defaults for U/cmr/m/n on input line 173.
LaTeX Font Info:    ... okay on input line 173.
LaTeX Font Info:    Try loading font information for U+msa on input line 173.

(/usr/share/texlive/texmf-dist/tex/latex/amsfonts/umsa.fd
File: umsa.fd 2013/01/14 v3.01 AMS symbols A
)
LaTeX Font Info:    Try loading font information for U+msb on input line 173.

(/usr/share/texlive/texmf-dist/tex/latex/amsfonts/umsb.fd
File: umsb.fd 2013/01/14 v3.01 AMS symbols B
)
(/usr/share/texlive/texmf-dist/tex/context/base/mkii/supp-pdf.mkii
[Loading MPS to PDF converter (version 2006.09.02).]
\scratchcounter=\count127
\scratchdimen=\dimen175
\scratchbox=\box43
\nofMPsegments=\count128
\nofMParguments=\count129
\everyMPshowfont=\toks42
\MPscratchCnt=\count130
\MPscratchDim=\dimen176
\MPnumerator=\count131
\makeMPintoPDFobject=\count132
\everyMPtoPDFconversion=\toks43
) (/usr/share/texlive/texmf-dist/tex/latex/oberdiek/epstopdf-base.sty
Package: epstopdf-base 2016/05/15 v2.6 Base part for package epstopdf

(/usr/share/texlive/texmf-dist/tex/latex/oberdiek/grfext.sty
Package: grfext 2016/05/16 v1.2 Manage graphics extensions (HO)

(/usr/share/texlive/texmf-dist/tex/generic/oberdiek/kvdefinekeys.sty
Package: kvdefinekeys 2016/05/16 v1.4 Define keys (HO)
))
(/usr/share/texlive/texmf-dist/tex/latex/oberdiek/kvoptions.sty
Package: kvoptions 2016/05/16 v3.12 Key value format for package options (HO)

(/usr/share/texlive/texmf-dist/tex/generic/oberdiek/kvsetkeys.sty
Package: kvsetkeys 2016/05/16 v1.17 Key value parser (HO)

(/usr/share/texlive/texmf-dist/tex/generic/oberdiek/etexcmds.sty
Package: etexcmds 2016/05/16 v1.6 Avoid name clashes with e-TeX commands (HO)

(/usr/share/texlive/texmf-dist/tex/generic/oberdiek/ifluatex.sty
Package: ifluatex 2016/05/16 v1.4 Provides the ifluatex switch (HO)
Package ifluatex Info: LuaTeX not detected.
)
Package etexcmds Info: Could not find \expanded.
(etexcmds)             That can mean that you are not using pdfTeX 1.50 or
(etexcmds)             that some package has redefined \expanded.
(etexcmds)             In the latter case, load this package earlier.
)))
(/usr/share/texlive/texmf-dist/tex/generic/oberdiek/pdftexcmds.sty
Package: pdftexcmds 2018/01/21 v0.26 Utility functions of pdfTeX for LuaTeX (HO
)
Package pdftexcmds Info: LuaTeX not detected.
Package pdftexcmds Info: \pdf@primitive is available.
Package pdftexcmds Info: \pdf@ifprimitive is available.
Package pdftexcmds Info: \pdfdraftmode found.
)
Package epstopdf-base Info: Redefining graphics rule for `.eps' on input line 4
38.
Package grfext Info: Graphics extension search list:
(grfext)             [.pdf,.png,.jpg,.mps,.jpeg,.jbig2,.jb2,.PDF,.PNG,.JPG,.JPE
G,.JBIG2,.JB2,.eps]
(grfext)             \AppendGraphicsExtensions on input line 456.

(/usr/share/texlive/texmf-dist/tex/latex/latexconfig/epstopdf-sys.cfg
File: epstopdf-sys.cfg 2010/07/13 v1.3 Configuration of (r)epstopdf for TeX Liv
e
))
\AtBeginShipoutBox=\box44

(/usr/share/texlive/texmf-dist/tex/latex/oberdiek/pdflscape.sty
Package: pdflscape 2016/05/14 v0.11 Display of landscape pages in PDF (HO)

(/usr/share/texlive/texmf-dist/tex/latex/graphics/lscape.sty
Package: lscape 2000/10/22 v3.01 Landscape Pages (DPC)
)
Package pdflscape Info: Auto-detected driver: pdftex on input line 81.
)
*geometry* driver: auto-detecting
*geometry* detected driver: pdftex
*geometry* verbose mode - [ preamble ] result:
* driver: pdftex
* paper: <default>
* layout: <same size as paper>
* layoutoffset:(h,v)=(0.0pt,0.0pt)
* modes: twoside 
* h-part:(L,W,R)=(85.35826pt, 443.57848pt, 85.35826pt)
* v-part:(T,H,B)=(56.9055pt, 681.15898pt, 56.9055pt)
* \paperwidth=614.295pt
* \paperheight=794.96999pt
* \textwidth=443.57848pt
* \textheight=681.15898pt
* \oddsidemargin=13.08827pt
* \evensidemargin=13.08827pt
* \topmargin=-37.36449pt
* \headheight=8.0pt
* \headsep=14.0pt
* \topskip=10.0pt
* \footskip=12.0pt
* \marginparwidth=90.0pt
* \marginparsep=11.0pt
* \columnsep=10.0pt
* \skip\footins=7.0pt plus 11.0pt
* \hoffset=0.0pt
* \voffset=0.0pt
* \mag=1000
* \@twocolumnfalse
* \@twosidetrue
* \@mparswitchtrue
* \@reversemarginfalse
* (1in=72.27pt=25.4mm, 1cm=28.453pt)

ABD: EveryShipout initializing macros
<snhu_logo.png, id=4, 722.7pt x 401.5pt>
File: snhu_logo.png Graphic file (type png)
<use snhu_logo.png>
Package pdftex.def Info: snhu_logo.png  used on input line 183.
(pdftex.def)             Requested size: 72.27423pt x 40.15234pt.

Underfull \hbox (badness 10000) in paragraph at lines 188--189

 []


Underfull \hbox (badness 10000) in paragraph at lines 188--189

 []


Underfull \hbox (badness 10000) in paragraph at lines 188--189

 []


Underfull \hbox (badness 10000) in paragraph at lines 188--189

 []

[1{/var/lib/texmf/fonts/map/pdftex/updmap/pdftex.map} <./snhu_logo.png>]
Underfull \hbox (badness 10000) in paragraph at lines 200--202

 []


Underfull \hbox (badness 10000) in paragraph at lines 206--208

 []


Underfull \hbox (badness 10000) in paragraph at lines 209--213

 []


Underfull \hbox (badness 10000) in paragraph at lines 209--213

 []


Underfull \hbox (badness 10000) in paragraph at lines 209--213

 []


Underfull \hbox (badness 10000) in paragraph at lines 209--213

 []

Missing character: There is no â in font cmr10!
Missing character: There is no € in font cmr10!
Missing character: There is no ™ in font cmr10!

Underfull \hbox (badness 10000) in paragraph at lines 213--217

 []


Underfull \hbox (badness 10000) in paragraph at lines 213--217

 []


Underfull \hbox (badness 10000) in paragraph at lines 213--217

 []


Underfull \hbox (badness 10000) in paragraph at lines 213--217

 []


Underfull \hbox (badness 10000) in paragraph at lines 219--221

 []


Underfull \hbox (badness 10000) in paragraph at lines 222--226

 []


Underfull \hbox (badness 10000) in paragraph at lines 222--226

 []


Underfull \hbox (badness 10000) in paragraph at lines 222--226

 []


Underfull \hbox (badness 10000) in paragraph at lines 222--226

 []

Missing character: There is no â in font cmr10!
Missing character: There is no € in font cmr10!
Missing character: There is no ™ in font cmr10!

Underfull \hbox (badness 10000) in paragraph at lines 226--230

 []


Underfull \hbox (badness 10000) in paragraph at lines 226--230

 []


Underfull \hbox (badness 10000) in paragraph at lines 226--230

 []


Underfull \hbox (badness 10000) in paragraph at lines 226--230

 []

File: snhu_logo.png Graphic file (type png)
<use snhu_logo.png>
Package pdftex.def Info: snhu_logo.png  used on input line 231.
(pdftex.def)             Requested size: 72.27423pt x 40.15234pt.

Package Fancyhdr Warning: \headheight is too small (8.0pt): 
 Make it at least 43.75238pt.
 We now make it that large for the rest of the document.
 This may cause the page layout to be inconsistent, however.

[2]
Underfull \hbox (badness 10000) in paragraph at lines 233--234

 []

<NewHasse.png, id=22, 264.23718pt x 191.21437pt>
File: NewHasse.png Graphic file (type png)
<use NewHasse.png>
Package pdftex.def Info: NewHasse.png  used on input line 242.
(pdftex.def)             Requested size: 180.67499pt x 130.7447pt.

Underfull \hbox (badness 10000) in paragraph at lines 244--249

 []


Underfull \hbox (badness 10000) in paragraph at lines 251--255

 []


Underfull \hbox (badness 10000) in paragraph at lines 251--255

 []


Underfull \hbox (badness 10000) in paragraph at lines 251--255

 []


Underfull \hbox (badness 10000) in paragraph at lines 251--255

 []


Underfull \hbox (badness 10000) in paragraph at lines 255--259

 []


Underfull \hbox (badness 10000) in paragraph at lines 255--259

 []


Underfull \hbox (badness 10000) in paragraph at lines 255--259

 []


Underfull \hbox (badness 10000) in paragraph at lines 255--259

 []


Underfull \hbox (badness 10000) in paragraph at lines 260--264

 []


Underfull \hbox (badness 10000) in paragraph at lines 260--264

 []


Underfull \hbox (badness 10000) in paragraph at lines 260--264

 []


Underfull \hbox (badness 10000) in paragraph at lines 260--264

 []

File: snhu_logo.png Graphic file (type png)
<use snhu_logo.png>
Package pdftex.def Info: snhu_logo.png  used on input line 265.
(pdftex.def)             Requested size: 72.27423pt x 40.15234pt.

Package Fancyhdr Warning: \headheight is too small (8.0pt): 
 Make it at least 43.75238pt.
 We now make it that large for the rest of the document.
 This may cause the page layout to be inconsistent, however.

[3 <./NewHasse.png>]
Underfull \hbox (badness 10000) in paragraph at lines 266--267

 []

<Figure2.png, id=28, 130.23656pt x 215.30438pt>
File: Figure2.png Graphic file (type png)
<use Figure2.png>
Package pdftex.def Info: Figure2.png  used on input line 275.
(pdftex.def)             Requested size: 131.15036pt x 216.81pt.

Underfull \hbox (badness 10000) in paragraph at lines 275--284

 []


Underfull \hbox (badness 10000) in paragraph at lines 275--284

 []


Underfull \hbox (badness 10000) in paragraph at lines 275--284

 []


Underfull \hbox (badness 10000) in paragraph at lines 275--284

 []


Underfull \hbox (badness 10000) in paragraph at lines 275--284

 []

File: snhu_logo.png Graphic file (type png)
<use snhu_logo.png>
Package pdftex.def Info: snhu_logo.png  used on input line 284.
(pdftex.def)             Requested size: 72.27423pt x 40.15234pt.

Package Fancyhdr Warning: \headheight is too small (8.0pt): 
 Make it at least 43.75238pt.
 We now make it that large for the rest of the document.
 This may cause the page layout to be inconsistent, however.

[4 <./Figure2.png>]
Underfull \hbox (badness 10000) in paragraph at lines 285--287

 []


Underfull \hbox (badness 10000) in paragraph at lines 285--287

 []

<Figure3.png, id=33, 130.23656pt x 215.30438pt>
File: Figure3.png Graphic file (type png)
<use Figure3.png>
Package pdftex.def Info: Figure3.png  used on input line 289.
(pdftex.def)             Requested size: 131.15036pt x 216.81pt.

Underfull \hbox (badness 10000) in paragraph at lines 289--298

 []


Underfull \hbox (badness 10000) in paragraph at lines 289--298

 []


Underfull \hbox (badness 10000) in paragraph at lines 289--298

 []


Underfull \hbox (badness 10000) in paragraph at lines 289--298

 []


Underfull \hbox (badness 10000) in paragraph at lines 289--298

 []

File: snhu_logo.png Graphic file (type png)
<use snhu_logo.png>
Package pdftex.def Info: snhu_logo.png  used on input line 298.
(pdftex.def)             Requested size: 72.27423pt x 40.15234pt.

Package Fancyhdr Warning: \headheight is too small (8.0pt): 
 Make it at least 43.75238pt.
 We now make it that large for the rest of the document.
 This may cause the page layout to be inconsistent, however.

[5 <./Figure3.png>]
Underfull \hbox (badness 10000) in paragraph at lines 299--301

 []


Underfull \hbox (badness 10000) in paragraph at lines 299--301

 []

<Figure4.png, id=38, 130.23656pt x 215.30438pt>
File: Figure4.png Graphic file (type png)
<use Figure4.png>
Package pdftex.def Info: Figure4.png  used on input line 303.
(pdftex.def)             Requested size: 131.15036pt x 216.81pt.

Underfull \hbox (badness 10000) in paragraph at lines 303--312

 []


Underfull \hbox (badness 10000) in paragraph at lines 303--312

 []


Underfull \hbox (badness 10000) in paragraph at lines 303--312

 []


Underfull \hbox (badness 10000) in paragraph at lines 303--312

 []


Underfull \hbox (badness 10000) in paragraph at lines 303--312

 []

File: snhu_logo.png Graphic file (type png)
<use snhu_logo.png>
Package pdftex.def Info: snhu_logo.png  used on input line 312.
(pdftex.def)             Requested size: 72.27423pt x 40.15234pt.

Package Fancyhdr Warning: \headheight is too small (8.0pt): 
 Make it at least 43.75238pt.
 We now make it that large for the rest of the document.
 This may cause the page layout to be inconsistent, however.

[6 <./Figure4.png>]
Underfull \hbox (badness 10000) in paragraph at lines 313--315

 []


Underfull \hbox (badness 10000) in paragraph at lines 313--315

 []

<Figure5.png, id=43, 130.23656pt x 215.30438pt>
File: Figure5.png Graphic file (type png)
<use Figure5.png>
Package pdftex.def Info: Figure5.png  used on input line 317.
(pdftex.def)             Requested size: 131.15036pt x 216.81pt.

Underfull \hbox (badness 10000) in paragraph at lines 317--325

 []


Underfull \hbox (badness 10000) in paragraph at lines 317--325

 []


Underfull \hbox (badness 10000) in paragraph at lines 317--325

 []


Underfull \hbox (badness 10000) in paragraph at lines 317--325

 []


Underfull \hbox (badness 10000) in paragraph at lines 317--325

 []

File: snhu_logo.png Graphic file (type png)
<use snhu_logo.png>
Package pdftex.def Info: snhu_logo.png  used on input line 327.
(pdftex.def)             Requested size: 72.27423pt x 40.15234pt.

Package Fancyhdr Warning: \headheight is too small (8.0pt): 
 Make it at least 43.75238pt.
 We now make it that large for the rest of the document.
 This may cause the page layout to be inconsistent, however.

[7 <./Figure5.png>]
Underfull \hbox (badness 10000) in paragraph at lines 328--329

 []


Underfull \hbox (badness 10000) in paragraph at lines 333--337

 []


Underfull \hbox (badness 10000) in paragraph at lines 333--337

 []


Underfull \hbox (badness 10000) in paragraph at lines 333--337

 []


Underfull \hbox (badness 10000) in paragraph at lines 333--337

 []


Underfull \hbox (badness 10000) in paragraph at lines 337--341

 []


Underfull \hbox (badness 10000) in paragraph at lines 337--341

 []


Underfull \hbox (badness 10000) in paragraph at lines 337--341

 []


Underfull \hbox (badness 10000) in paragraph at lines 337--341

 []

File: snhu_logo.png Graphic file (type png)
<use snhu_logo.png>
Package pdftex.def Info: snhu_logo.png  used on input line 342.
(pdftex.def)             Requested size: 72.27423pt x 40.15234pt.

Package Fancyhdr Warning: \headheight is too small (8.0pt): 
 Make it at least 43.75238pt.
 We now make it that large for the rest of the document.
 This may cause the page layout to be inconsistent, however.

[8]
Underfull \hbox (badness 10000) in paragraph at lines 343--344

 []

<Figure6.png, id=52, 166.7028pt x 137.7948pt>
File: Figure6.png Graphic file (type png)
<use Figure6.png>
Package pdftex.def Info: Figure6.png  used on input line 356.
(pdftex.def)             Requested size: 289.07999pt x 238.97041pt.

Underfull \hbox (badness 10000) in paragraph at lines 356--363

 []


Underfull \hbox (badness 10000) in paragraph at lines 356--363

 []


Underfull \hbox (badness 10000) in paragraph at lines 356--363

 []


Underfull \hbox (badness 10000) in paragraph at lines 356--363

 []


Underfull \hbox (badness 10000) in paragraph at lines 356--363

 []

File: snhu_logo.png Graphic file (type png)
<use snhu_logo.png>
Package pdftex.def Info: snhu_logo.png  used on input line 363.
(pdftex.def)             Requested size: 72.27423pt x 40.15234pt.

Package Fancyhdr Warning: \headheight is too small (8.0pt): 
 Make it at least 43.75238pt.
 We now make it that large for the rest of the document.
 This may cause the page layout to be inconsistent, however.

[9 <./Figure6.png>]
Underfull \hbox (badness 10000) in paragraph at lines 364--366

 []


Underfull \hbox (badness 10000) in paragraph at lines 364--366

 []

<Figure7.png, id=57, 167.12437pt x 137.7647pt>
File: Figure7.png Graphic file (type png)
<use Figure7.png>
Package pdftex.def Info: Figure7.png  used on input line 368.
(pdftex.def)             Requested size: 289.07999pt x 238.33803pt.

Underfull \hbox (badness 10000) in paragraph at lines 368--376

 []


Underfull \hbox (badness 10000) in paragraph at lines 368--376

 []


Underfull \hbox (badness 10000) in paragraph at lines 368--376

 []


Underfull \hbox (badness 10000) in paragraph at lines 368--376

 []


Underfull \hbox (badness 10000) in paragraph at lines 368--376

 []

File: snhu_logo.png Graphic file (type png)
<use snhu_logo.png>
Package pdftex.def Info: snhu_logo.png  used on input line 376.
(pdftex.def)             Requested size: 72.27423pt x 40.15234pt.

Package Fancyhdr Warning: \headheight is too small (8.0pt): 
 Make it at least 43.75238pt.
 We now make it that large for the rest of the document.
 This may cause the page layout to be inconsistent, however.

[10 <./Figure7.png>]
Underfull \hbox (badness 10000) in paragraph at lines 377--379

 []


Underfull \hbox (badness 10000) in paragraph at lines 377--379

 []

<Figure8.png, id=62, 166.37157pt x 134.75343pt>
File: Figure8.png Graphic file (type png)
<use Figure8.png>
Package pdftex.def Info: Figure8.png  used on input line 381.
(pdftex.def)             Requested size: 289.07999pt x 234.17915pt.

Underfull \hbox (badness 10000) in paragraph at lines 381--389

 []


Underfull \hbox (badness 10000) in paragraph at lines 381--389

 []


Underfull \hbox (badness 10000) in paragraph at lines 381--389

 []


Underfull \hbox (badness 10000) in paragraph at lines 381--389

 []


Underfull \hbox (badness 10000) in paragraph at lines 381--389

 []

File: snhu_logo.png Graphic file (type png)
<use snhu_logo.png>
Package pdftex.def Info: snhu_logo.png  used on input line 390.
(pdftex.def)             Requested size: 72.27423pt x 40.15234pt.

Package Fancyhdr Warning: \headheight is too small (8.0pt): 
 Make it at least 43.75238pt.
 We now make it that large for the rest of the document.
 This may cause the page layout to be inconsistent, however.

[11 <./Figure8.png>]
Underfull \hbox (badness 10000) in paragraph at lines 391--393

 []


Underfull \hbox (badness 10000) in paragraph at lines 391--393

 []

<Figure9.png, id=67, 166.37157pt x 118.19156pt>
File: Figure9.png Graphic file (type png)
<use Figure9.png>
Package pdftex.def Info: Figure9.png  used on input line 395.
(pdftex.def)             Requested size: 289.07999pt x 205.39735pt.

Underfull \hbox (badness 10000) in paragraph at lines 395--403

 []


Underfull \hbox (badness 10000) in paragraph at lines 395--403

 []


Underfull \hbox (badness 10000) in paragraph at lines 395--403

 []


Underfull \hbox (badness 10000) in paragraph at lines 395--403

 []


Underfull \hbox (badness 10000) in paragraph at lines 395--403

 []

File: snhu_logo.png Graphic file (type png)
<use snhu_logo.png>
Package pdftex.def Info: snhu_logo.png  used on input line 406.
(pdftex.def)             Requested size: 72.27423pt x 40.15234pt.

Package Fancyhdr Warning: \headheight is too small (8.0pt): 
 Make it at least 43.75238pt.
 We now make it that large for the rest of the document.
 This may cause the page layout to be inconsistent, however.

[12 <./Figure9.png>]
Underfull \hbox (badness 10000) in paragraph at lines 407--408

 []

<prim.png, id=72, 362.10281pt x 202.50656pt>
File: prim.png Graphic file (type png)
<use prim.png>
Package pdftex.def Info: prim.png  used on input line 411.
(pdftex.def)             Requested size: 361.34999pt x 202.08888pt.

Underfull \hbox (badness 10000) in paragraph at lines 409--419

 []


Underfull \hbox (badness 10000) in paragraph at lines 409--419

 []


Underfull \hbox (badness 10000) in paragraph at lines 409--419

 []


Underfull \hbox (badness 10000) in paragraph at lines 409--419

 []


Underfull \hbox (badness 10000) in paragraph at lines 409--419

 []

File: snhu_logo.png Graphic file (type png)
<use snhu_logo.png>
Package pdftex.def Info: snhu_logo.png  used on input line 419.
(pdftex.def)             Requested size: 72.27423pt x 40.15234pt.

Package Fancyhdr Warning: \headheight is too small (8.0pt): 
 Make it at least 43.75238pt.
 We now make it that large for the rest of the document.
 This may cause the page layout to be inconsistent, however.

[13 <./prim.png>]
Underfull \hbox (badness 10000) in paragraph at lines 420--421

 []


Underfull \hbox (badness 10000) in paragraph at lines 422--423

 []


Underfull \hbox (badness 10000) in paragraph at lines 424--428

 []


Underfull \hbox (badness 10000) in paragraph at lines 424--428

 []


Underfull \hbox (badness 10000) in paragraph at lines 424--428

 []


Underfull \hbox (badness 10000) in paragraph at lines 424--428

 []

File: snhu_logo.png Graphic file (type png)
<use snhu_logo.png>
Package pdftex.def Info: snhu_logo.png  used on input line 428.
(pdftex.def)             Requested size: 72.27423pt x 40.15234pt.

Package Fancyhdr Warning: \headheight is too small (8.0pt): 
 Make it at least 43.75238pt.
 We now make it that large for the rest of the document.
 This may cause the page layout to be inconsistent, however.

[14] (./Module7_Exam_Two.aux) ) 
Here is how much of TeX's memory you used:
 14327 strings out of 494880
 271309 string characters out of 6179602
 314228 words of memory out of 5000000
 17199 multiletter control sequences out of 15000+600000
 9699 words of font info for 38 fonts, out of 8000000 for 9000
 197 hyphenation exceptions out of 8191
 55i,15n,54p,739b,458s stack positions out of 5000i,500n,10000p,200000b,80000s
</usr/share/texlive/texmf-dist/fonts/type1/publi
c/amsfonts/cm/cmbx10.pfb></usr/share/texlive/texmf-dist/fonts/type1/public/amsf
onts/cm/cmcsc10.pfb></usr/share/texlive/texmf-dist/fonts/type1/public/amsfonts/
cm/cmmi10.pfb></usr/share/texlive/texmf-dist/fonts/type1/public/amsfonts/cm/cmr
10.pfb></usr/share/texlive/texmf-dist/fonts/type1/public/amsfonts/cm/cmr7.pfb><
/usr/share/texlive/texmf-dist/fonts/type1/public/amsfonts/cm/cmss10.pfb></usr/s
hare/texlive/texmf-dist/fonts/type1/public/amsfonts/cm/cmsy10.pfb></usr/share/t
exlive/texmf-dist/fonts/type1/public/amsfonts/cm/cmti10.pfb>
Output written on Module7_Exam_Two.pdf (14 pages, 197752 bytes).
PDF statistics:
 108 PDF objects out of 1000 (max. 8388607)
 61 compressed objects within 1 object stream
 0 named destinations out of 1000 (max. 500000)
 68 words of extra memory for PDF output out of 10000 (max. 10000000)

