This is pdfTeX, Version 3.14159265-2.6-1.40.18 (TeX Live 2017/Debian) (preloaded format=pdflatex 2021.3.4)  25 FEB 2024 07:55
entering extended mode
 restricted \write18 enabled.
 %&-line parsing enabled.
**module6_assignment.tex
(./module6_assignment.tex
LaTeX2e <2017-04-15>
Babel <3.18> and hyphenation patterns for 5 language(s) loaded.
(/usr/share/texlive/texmf-dist/tex/latex/amscls/amsart.cls
Document Class: amsart 2017/10/31 v2.20.4
\linespacing=\dimen102
\normalparindent=\dimen103
\normaltopskip=\skip41
(/usr/share/texlive/texmf-dist/tex/latex/amsmath/amsmath.sty
Package: amsmath 2017/09/02 v2.17a AMS math features
\@mathmargin=\skip42

For additional information on amsmath, use the `?' option.
(/usr/share/texlive/texmf-dist/tex/latex/amsmath/amstext.sty
Package: amstext 2000/06/29 v2.01 AMS text

(/usr/share/texlive/texmf-dist/tex/latex/amsmath/amsgen.sty
File: amsgen.sty 1999/11/30 v2.0 generic functions
\@emptytoks=\toks14
\ex@=\dimen104
))
(/usr/share/texlive/texmf-dist/tex/latex/amsmath/amsbsy.sty
Package: amsbsy 1999/11/29 v1.2d Bold Symbols
\pmbraise@=\dimen105
)
(/usr/share/texlive/texmf-dist/tex/latex/amsmath/amsopn.sty
Package: amsopn 2016/03/08 v2.02 operator names
)
\inf@bad=\count79
LaTeX Info: Redefining \frac on input line 213.
\uproot@=\count80
\leftroot@=\count81
LaTeX Info: Redefining \overline on input line 375.
\classnum@=\count82
\DOTSCASE@=\count83
LaTeX Info: Redefining \ldots on input line 472.
LaTeX Info: Redefining \dots on input line 475.
LaTeX Info: Redefining \cdots on input line 596.
\Mathstrutbox@=\box26
\strutbox@=\box27
\big@size=\dimen106
LaTeX Font Info:    Redeclaring font encoding OML on input line 712.
LaTeX Font Info:    Redeclaring font encoding OMS on input line 713.
\macc@depth=\count84
\c@MaxMatrixCols=\count85
\dotsspace@=\muskip10
\c@parentequation=\count86
\dspbrk@lvl=\count87
\tag@help=\toks15
\row@=\count88
\column@=\count89
\maxfields@=\count90
\andhelp@=\toks16
\eqnshift@=\dimen107
\alignsep@=\dimen108
\tagshift@=\dimen109
\tagwidth@=\dimen110
\totwidth@=\dimen111
\lineht@=\dimen112
\@envbody=\toks17
\multlinegap=\skip43
\multlinetaggap=\skip44
\mathdisplay@stack=\toks18
LaTeX Info: Redefining \[ on input line 2817.
LaTeX Info: Redefining \] on input line 2818.
)
LaTeX Font Info:    Try loading font information for U+msa on input line 398.

(/usr/share/texlive/texmf-dist/tex/latex/amsfonts/umsa.fd
File: umsa.fd 2013/01/14 v3.01 AMS symbols A
)
(/usr/share/texlive/texmf-dist/tex/latex/amsfonts/amsfonts.sty
Package: amsfonts 2013/01/14 v3.01 Basic AMSFonts support
\symAMSa=\mathgroup4
\symAMSb=\mathgroup5
LaTeX Font Info:    Overwriting math alphabet `\mathfrak' in version `bold'
(Font)                  U/euf/m/n --> U/euf/b/n on input line 106.
)
\copyins=\insert199
\abstractbox=\box28
\listisep=\skip45
\c@part=\count91
\c@section=\count92
\c@subsection=\count93
\c@subsubsection=\count94
\c@paragraph=\count95
\c@subparagraph=\count96
\c@figure=\count97
\c@table=\count98
\abovecaptionskip=\skip46
\belowcaptionskip=\skip47
\captionindent=\dimen113
\thm@style=\toks19
\thm@bodyfont=\toks20
\thm@headfont=\toks21
\thm@notefont=\toks22
\thm@headpunct=\toks23
\thm@preskip=\skip48
\thm@postskip=\skip49
\thm@headsep=\skip50
\dth@everypar=\toks24
)
(/usr/share/texlive/texmf-dist/tex/latex/graphics/graphicx.sty
Package: graphicx 2017/06/01 v1.1a Enhanced LaTeX Graphics (DPC,SPQR)

(/usr/share/texlive/texmf-dist/tex/latex/graphics/keyval.sty
Package: keyval 2014/10/28 v1.15 key=value parser (DPC)
\KV@toks@=\toks25
)
(/usr/share/texlive/texmf-dist/tex/latex/graphics/graphics.sty
Package: graphics 2017/06/25 v1.2c Standard LaTeX Graphics (DPC,SPQR)

(/usr/share/texlive/texmf-dist/tex/latex/graphics/trig.sty
Package: trig 2016/01/03 v1.10 sin cos tan (DPC)
)
(/usr/share/texlive/texmf-dist/tex/latex/graphics-cfg/graphics.cfg
File: graphics.cfg 2016/06/04 v1.11 sample graphics configuration
)
Package graphics Info: Driver file: pdftex.def on input line 99.

(/usr/share/texlive/texmf-dist/tex/latex/graphics-def/pdftex.def
File: pdftex.def 2018/01/08 v1.0l Graphics/color driver for pdftex
))
\Gin@req@height=\dimen114
\Gin@req@width=\dimen115
)
(/usr/share/texlive/texmf-dist/tex/latex/enumitem/enumitem.sty
Package: enumitem 2011/09/28 v3.5.2 Customized lists
\labelindent=\skip51
\enit@outerparindent=\dimen116
\enit@toks=\toks26
\enit@inbox=\box29
\enitdp@description=\count99
)
(/usr/share/texlive/texmf-dist/tex/latex/xcolor/xcolor.sty
Package: xcolor 2016/05/11 v2.12 LaTeX color extensions (UK)

(/usr/share/texlive/texmf-dist/tex/latex/graphics-cfg/color.cfg
File: color.cfg 2016/01/02 v1.6 sample color configuration
)
Package xcolor Info: Driver file: pdftex.def on input line 225.
Package xcolor Info: Model `cmy' substituted by `cmy0' on input line 1348.
Package xcolor Info: Model `hsb' substituted by `rgb' on input line 1352.
Package xcolor Info: Model `RGB' extended on input line 1364.
Package xcolor Info: Model `HTML' substituted by `rgb' on input line 1366.
Package xcolor Info: Model `Hsb' substituted by `hsb' on input line 1367.
Package xcolor Info: Model `tHsb' substituted by `hsb' on input line 1368.
Package xcolor Info: Model `HSB' substituted by `hsb' on input line 1369.
Package xcolor Info: Model `Gray' substituted by `gray' on input line 1370.
Package xcolor Info: Model `wave' substituted by `hsb' on input line 1371.
)
\c@thm=\count100


Package amsthm Warning: Unknown theoremstyle `Exercise' on input line 21.


Package amsthm Warning: Unknown theoremstyle `rule' on input line 25.

(/usr/share/texlive/texmf-dist/tex/latex/fancyhdr/fancyhdr.sty
Package: fancyhdr 2017/06/30 v3.9a Extensive control of page headers and footer
s
\f@nch@headwidth=\skip52
\f@nch@O@elh=\skip53
\f@nch@O@erh=\skip54
\f@nch@O@olh=\skip55
\f@nch@O@orh=\skip56
\f@nch@O@elf=\skip57
\f@nch@O@erf=\skip58
\f@nch@O@olf=\skip59
\f@nch@O@orf=\skip60
)
(./module6_assignment.aux)
\openout1 = `module6_assignment.aux'.

LaTeX Font Info:    Checking defaults for OML/cmm/m/it on input line 123.
LaTeX Font Info:    ... okay on input line 123.
LaTeX Font Info:    Checking defaults for T1/cmr/m/n on input line 123.
LaTeX Font Info:    ... okay on input line 123.
LaTeX Font Info:    Checking defaults for OT1/cmr/m/n on input line 123.
LaTeX Font Info:    ... okay on input line 123.
LaTeX Font Info:    Checking defaults for OMS/cmsy/m/n on input line 123.
LaTeX Font Info:    ... okay on input line 123.
LaTeX Font Info:    Checking defaults for OMX/cmex/m/n on input line 123.
LaTeX Font Info:    ... okay on input line 123.
LaTeX Font Info:    Checking defaults for U/cmr/m/n on input line 123.
LaTeX Font Info:    ... okay on input line 123.
LaTeX Font Info:    Try loading font information for U+msa on input line 123.

(/usr/share/texlive/texmf-dist/tex/latex/amsfonts/umsa.fd
File: umsa.fd 2013/01/14 v3.01 AMS symbols A
)
LaTeX Font Info:    Try loading font information for U+msb on input line 123.

(/usr/share/texlive/texmf-dist/tex/latex/amsfonts/umsb.fd
File: umsb.fd 2013/01/14 v3.01 AMS symbols B
)
(/usr/share/texlive/texmf-dist/tex/context/base/mkii/supp-pdf.mkii
[Loading MPS to PDF converter (version 2006.09.02).]
\scratchcounter=\count101
\scratchdimen=\dimen117
\scratchbox=\box30
\nofMPsegments=\count102
\nofMParguments=\count103
\everyMPshowfont=\toks27
\MPscratchCnt=\count104
\MPscratchDim=\dimen118
\MPnumerator=\count105
\makeMPintoPDFobject=\count106
\everyMPtoPDFconversion=\toks28
) (/usr/share/texlive/texmf-dist/tex/latex/oberdiek/epstopdf-base.sty
Package: epstopdf-base 2016/05/15 v2.6 Base part for package epstopdf

(/usr/share/texlive/texmf-dist/tex/generic/oberdiek/infwarerr.sty
Package: infwarerr 2016/05/16 v1.4 Providing info/warning/error messages (HO)
)
(/usr/share/texlive/texmf-dist/tex/latex/oberdiek/grfext.sty
Package: grfext 2016/05/16 v1.2 Manage graphics extensions (HO)

(/usr/share/texlive/texmf-dist/tex/generic/oberdiek/kvdefinekeys.sty
Package: kvdefinekeys 2016/05/16 v1.4 Define keys (HO)

(/usr/share/texlive/texmf-dist/tex/generic/oberdiek/ltxcmds.sty
Package: ltxcmds 2016/05/16 v1.23 LaTeX kernel commands for general use (HO)
)))
(/usr/share/texlive/texmf-dist/tex/latex/oberdiek/kvoptions.sty
Package: kvoptions 2016/05/16 v3.12 Key value format for package options (HO)

(/usr/share/texlive/texmf-dist/tex/generic/oberdiek/kvsetkeys.sty
Package: kvsetkeys 2016/05/16 v1.17 Key value parser (HO)

(/usr/share/texlive/texmf-dist/tex/generic/oberdiek/etexcmds.sty
Package: etexcmds 2016/05/16 v1.6 Avoid name clashes with e-TeX commands (HO)

(/usr/share/texlive/texmf-dist/tex/generic/oberdiek/ifluatex.sty
Package: ifluatex 2016/05/16 v1.4 Provides the ifluatex switch (HO)
Package ifluatex Info: LuaTeX not detected.
)
Package etexcmds Info: Could not find \expanded.
(etexcmds)             That can mean that you are not using pdfTeX 1.50 or
(etexcmds)             that some package has redefined \expanded.
(etexcmds)             In the latter case, load this package earlier.
)))
(/usr/share/texlive/texmf-dist/tex/generic/oberdiek/pdftexcmds.sty
Package: pdftexcmds 2018/01/21 v0.26 Utility functions of pdfTeX for LuaTeX (HO
)

(/usr/share/texlive/texmf-dist/tex/generic/oberdiek/ifpdf.sty
Package: ifpdf 2017/03/15 v3.2 Provides the ifpdf switch
)
Package pdftexcmds Info: LuaTeX not detected.
Package pdftexcmds Info: \pdf@primitive is available.
Package pdftexcmds Info: \pdf@ifprimitive is available.
Package pdftexcmds Info: \pdfdraftmode found.
)
Package epstopdf-base Info: Redefining graphics rule for `.eps' on input line 4
38.
Package grfext Info: Graphics extension search list:
(grfext)             [.pdf,.png,.jpg,.mps,.jpeg,.jbig2,.jb2,.PDF,.PNG,.JPG,.JPE
G,.JBIG2,.JB2,.eps]
(grfext)             \AppendGraphicsExtensions on input line 456.

(/usr/share/texlive/texmf-dist/tex/latex/latexconfig/epstopdf-sys.cfg
File: epstopdf-sys.cfg 2010/07/13 v1.3 Configuration of (r)epstopdf for TeX Liv
e
))
<snhu_logo.png, id=1, 722.7pt x 401.5pt>
File: snhu_logo.png Graphic file (type png)
<use snhu_logo.png>
Package pdftex.def Info: snhu_logo.png  used on input line 125.
(pdftex.def)             Requested size: 72.27423pt x 40.15234pt.

Underfull \hbox (badness 10000) in paragraph at lines 132--134

 []


Underfull \hbox (badness 10000) in paragraph at lines 132--134

 []


Underfull \hbox (badness 10000) in paragraph at lines 132--134

 []


Underfull \hbox (badness 10000) in paragraph at lines 132--134

 []

[1{/var/lib/texmf/fonts/map/pdftex/updmap/pdftex.map} <./snhu_logo.png>]
Underfull \hbox (badness 10000) in paragraph at lines 148--150

 []


Underfull \hbox (badness 10000) in paragraph at lines 156--157

 []

<M6-fig1.png, id=12, 403.5075pt x 358.33875pt>
File: M6-fig1.png Graphic file (type png)
<use M6-fig1.png>
Package pdftex.def Info: M6-fig1.png  used on input line 164.
(pdftex.def)             Requested size: 108.405pt x 96.27158pt.
<M6-fig2.png, id=13, 166.6225pt x 188.705pt>
File: M6-fig2.png Graphic file (type png)
<use M6-fig2.png>
Package pdftex.def Info: M6-fig2.png  used on input line 170.
(pdftex.def)             Requested size: 108.405pt x 122.77484pt.
Missing character: There is no â in font cmti10!
Missing character: There is no € in font cmti10!
Missing character: There is no ™ in font cmti10!

Underfull \hbox (badness 10000) in paragraph at lines 164--182

 []


Underfull \hbox (badness 10000) in paragraph at lines 164--182

 []


Underfull \hbox (badness 10000) in paragraph at lines 164--182

 []


Underfull \hbox (badness 10000) in paragraph at lines 164--182

 []


Underfull \hbox (badness 10000) in paragraph at lines 164--182

 []

File: snhu_logo.png Graphic file (type png)
<use snhu_logo.png>
Package pdftex.def Info: snhu_logo.png  used on input line 183.
(pdftex.def)             Requested size: 72.27423pt x 40.15234pt.

Package Fancyhdr Warning: \headheight is too small (8.0pt): 
 Make it at least 43.75238pt.
 We now make it that large for the rest of the document.
 This may cause the page layout to be inconsistent, however.

[2 <./M6-fig1.png> <./M6-fig2.png>]
<M6-fig3.png, id=22, 403.5075pt x 358.33875pt>
File: M6-fig3.png Graphic file (type png)
<use M6-fig3.png>
Package pdftex.def Info: M6-fig3.png  used on input line 187.
(pdftex.def)             Requested size: 108.405pt x 96.27158pt.

Underfull \hbox (badness 10000) in paragraph at lines 187--207

 []


Underfull \hbox (badness 10000) in paragraph at lines 187--207

 []


Underfull \hbox (badness 10000) in paragraph at lines 187--207

 []


Underfull \hbox (badness 10000) in paragraph at lines 187--207

 []

File: snhu_logo.png Graphic file (type png)
<use snhu_logo.png>
Package pdftex.def Info: snhu_logo.png  used on input line 209.
(pdftex.def)             Requested size: 72.27423pt x 40.15234pt.
[3 <./M6-fig3.png>]
<M6-fig4.png, id=28, 557.08125pt x 176.66pt>
File: M6-fig4.png Graphic file (type png)
<use M6-fig4.png>
Package pdftex.def Info: M6-fig4.png  used on input line 217.
(pdftex.def)             Requested size: 144.54pt x 45.83617pt.

Underfull \hbox (badness 10000) in paragraph at lines 214--224

 []


Underfull \hbox (badness 10000) in paragraph at lines 214--224

 []


Underfull \hbox (badness 10000) in paragraph at lines 214--224

 []


Underfull \hbox (badness 10000) in paragraph at lines 214--224

 []


Underfull \hbox (badness 10000) in paragraph at lines 214--224

 []


Underfull \hbox (badness 10000) in paragraph at lines 214--224

 []


Underfull \hbox (badness 10000) in paragraph at lines 224--225

 []

<M6-fig5.png, id=29, 460.72125pt x 147.55125pt>
File: M6-fig5.png Graphic file (type png)
<use M6-fig5.png>
Package pdftex.def Info: M6-fig5.png  used on input line 228.
(pdftex.def)             Requested size: 144.54pt x 46.28975pt.

Underfull \hbox (badness 10000) in paragraph at lines 228--236

 []


Underfull \hbox (badness 10000) in paragraph at lines 228--236

 []


Underfull \hbox (badness 10000) in paragraph at lines 228--236

 []


Underfull \hbox (badness 10000) in paragraph at lines 228--236

 []


Underfull \hbox (badness 10000) in paragraph at lines 228--236

 []

File: snhu_logo.png Graphic file (type png)
<use snhu_logo.png>
Package pdftex.def Info: snhu_logo.png  used on input line 239.
(pdftex.def)             Requested size: 72.27423pt x 40.15234pt.
[4 <./M6-fig4.png> <./M6-fig5.png>]
<M6-fig6.png, id=35, 323.2075pt x 220.825pt>
File: M6-fig6.png Graphic file (type png)
<use M6-fig6.png>
Package pdftex.def Info: M6-fig6.png  used on input line 252.
(pdftex.def)             Requested size: 144.54pt x 98.7537pt.

Underfull \hbox (badness 10000) in paragraph at lines 246--258

 []


Underfull \hbox (badness 10000) in paragraph at lines 246--258

 []


Underfull \hbox (badness 10000) in paragraph at lines 246--258

 []


Underfull \hbox (badness 10000) in paragraph at lines 246--258

 []


Underfull \hbox (badness 10000) in paragraph at lines 259--262

 []


Underfull \hbox (badness 10000) in paragraph at lines 259--262

 []


Underfull \hbox (badness 10000) in paragraph at lines 259--262

 []


Underfull \hbox (badness 10000) in paragraph at lines 259--262

 []


Underfull \hbox (badness 10000) in paragraph at lines 262--265

 []


Underfull \hbox (badness 10000) in paragraph at lines 262--265

 []


Underfull \hbox (badness 10000) in paragraph at lines 262--265

 []


Underfull \hbox (badness 10000) in paragraph at lines 262--265

 []


Underfull \hbox (badness 10000) in paragraph at lines 265--268

 []


Underfull \hbox (badness 10000) in paragraph at lines 265--268

 []


Underfull \hbox (badness 10000) in paragraph at lines 265--268

 []


Underfull \hbox (badness 10000) in paragraph at lines 265--268

 []


Underfull \hbox (badness 10000) in paragraph at lines 268--271

 []


Underfull \hbox (badness 10000) in paragraph at lines 268--271

 []


Underfull \hbox (badness 10000) in paragraph at lines 268--271

 []


Underfull \hbox (badness 10000) in paragraph at lines 268--271

 []


Underfull \hbox (badness 10000) in paragraph at lines 271--274

 []


Underfull \hbox (badness 10000) in paragraph at lines 271--274

 []


Underfull \hbox (badness 10000) in paragraph at lines 271--274

 []


Underfull \hbox (badness 10000) in paragraph at lines 271--274

 []


Underfull \vbox (badness 10000) has occurred while \output is active []

File: snhu_logo.png Graphic file (type png)
<use snhu_logo.png>
Package pdftex.def Info: snhu_logo.png  used on input line 274.
(pdftex.def)             Requested size: 72.27423pt x 40.15234pt.
 [5 <./M6-fig6.png>]
File: snhu_logo.png Graphic file (type png)
<use snhu_logo.png>
Package pdftex.def Info: snhu_logo.png  used on input line 275.
(pdftex.def)             Requested size: 72.27423pt x 40.15234pt.
 [6]
Underfull \hbox (badness 10000) in paragraph at lines 283--284

 []


Underfull \hbox (badness 10000) in paragraph at lines 285--288

 []


Underfull \hbox (badness 10000) in paragraph at lines 285--288

 []


Underfull \hbox (badness 10000) in paragraph at lines 285--288

 []


Underfull \hbox (badness 10000) in paragraph at lines 285--288

 []


Overfull \hbox (48.46576pt too wide) in paragraph at lines 288--291
[]$\OML/cmm/m/it/10 G \OT1/cmr/m/n/10 = (\OML/cmm/m/it/10 V;  E\OT1/cmr/m/n/10 
)\OML/cmm/m/it/10 : V \OT1/cmr/m/n/10 = \OMS/cmsy/m/n/10 f\OML/cmm/m/it/10 a;  
b;  c;  d;  e;  f\OMS/cmsy/m/n/10 g\OML/cmm/m/it/10 : E \OT1/cmr/m/n/10 = \OMS/
cmsy/m/n/10 ff\OML/cmm/m/it/10 c;  f\OMS/cmsy/m/n/10 g\OML/cmm/m/it/10 ;  \OMS/
cmsy/m/n/10 f\OML/cmm/m/it/10 a;  b\OMS/cmsy/m/n/10 g\OML/cmm/m/it/10 ;  \OMS/c
msy/m/n/10 f\OML/cmm/m/it/10 d;  a\OMS/cmsy/m/n/10 g\OML/cmm/m/it/10 ;  \OMS/cm
sy/m/n/10 f\OML/cmm/m/it/10 e;  c\OMS/cmsy/m/n/10 g\OML/cmm/m/it/10 ;  \OMS/cms
y/m/n/10 f\OML/cmm/m/it/10 b;  f\OMS/cmsy/m/n/10 gg$ 
 []


Underfull \hbox (badness 10000) in paragraph at lines 288--291

 []


Underfull \hbox (badness 10000) in paragraph at lines 288--291

 []


Underfull \hbox (badness 10000) in paragraph at lines 288--291

 []


Underfull \hbox (badness 10000) in paragraph at lines 288--291

 []


Underfull \hbox (badness 10000) in paragraph at lines 292--293

 []

<M6-fig7.png, id=43, 461.725pt x 191.71625pt>
File: M6-fig7.png Graphic file (type png)
<use M6-fig7.png>
Package pdftex.def Info: M6-fig7.png  used on input line 300.
(pdftex.def)             Requested size: 144.54pt x 60.01357pt.

Underfull \hbox (badness 10000) in paragraph at lines 300--310

 []


Underfull \hbox (badness 10000) in paragraph at lines 300--310

 []


Underfull \hbox (badness 10000) in paragraph at lines 300--310

 []


Underfull \hbox (badness 10000) in paragraph at lines 300--310

 []


Underfull \hbox (badness 10000) in paragraph at lines 300--310

 []

File: snhu_logo.png Graphic file (type png)
<use snhu_logo.png>
Package pdftex.def Info: snhu_logo.png  used on input line 310.
(pdftex.def)             Requested size: 72.27423pt x 40.15234pt.
[7 <./M6-fig7.png>]
<M6-fig8.png, id=51, 461.725pt x 203.76125pt>
File: M6-fig8.png Graphic file (type png)
<use M6-fig8.png>
Package pdftex.def Info: M6-fig8.png  used on input line 317.
(pdftex.def)             Requested size: 144.54pt x 63.78404pt.

Underfull \hbox (badness 10000) in paragraph at lines 317--327

 []


Underfull \hbox (badness 10000) in paragraph at lines 317--327

 []


Underfull \hbox (badness 10000) in paragraph at lines 317--327

 []


Underfull \hbox (badness 10000) in paragraph at lines 317--327

 []


Underfull \hbox (badness 10000) in paragraph at lines 317--327

 []

File: snhu_logo.png Graphic file (type png)
<use snhu_logo.png>
Package pdftex.def Info: snhu_logo.png  used on input line 332.
(pdftex.def)             Requested size: 72.27423pt x 40.15234pt.
[8 <./M6-fig8.png>]
Underfull \hbox (badness 10000) in paragraph at lines 336--337

 []

<M6-fig9.png, id=56, 222.8325pt x 183.68625pt>
File: M6-fig9.png Graphic file (type png)
<use M6-fig9.png>
Package pdftex.def Info: M6-fig9.png  used on input line 343.
(pdftex.def)             Requested size: 144.54pt x 119.14798pt.

Underfull \hbox (badness 10000) in paragraph at lines 343--352

 []


Underfull \hbox (badness 10000) in paragraph at lines 343--352

 []


Underfull \hbox (badness 10000) in paragraph at lines 343--352

 []


Underfull \hbox (badness 10000) in paragraph at lines 343--352

 []


Underfull \hbox (badness 10000) in paragraph at lines 343--352

 []

File: snhu_logo.png Graphic file (type png)
<use snhu_logo.png>
Package pdftex.def Info: snhu_logo.png  used on input line 353.
(pdftex.def)             Requested size: 72.27423pt x 40.15234pt.
[9 <./M6-fig9.png>]
<M6-fig10.png, id=61, 221.82875pt x 157.58875pt>
File: M6-fig10.png Graphic file (type png)
<use M6-fig10.png>
Package pdftex.def Info: M6-fig10.png  used on input line 357.
(pdftex.def)             Requested size: 144.54pt x 102.68153pt.

Underfull \hbox (badness 10000) in paragraph at lines 357--366

 []


Underfull \hbox (badness 10000) in paragraph at lines 357--366

 []


Underfull \hbox (badness 10000) in paragraph at lines 357--366

 []


Underfull \hbox (badness 10000) in paragraph at lines 357--366

 []


Underfull \hbox (badness 10000) in paragraph at lines 357--366

 []

File: snhu_logo.png Graphic file (type png)
<use snhu_logo.png>
Package pdftex.def Info: snhu_logo.png  used on input line 367.
(pdftex.def)             Requested size: 72.27423pt x 40.15234pt.
[10 <./M6-fig10.png>]
Underfull \hbox (badness 10000) in paragraph at lines 370--371

 []


Underfull \hbox (badness 10000) in paragraph at lines 372--373

 []

<M6-fig11.png, id=66, 222.8325pt x 183.68625pt>
File: M6-fig11.png Graphic file (type png)
<use M6-fig11.png>
Package pdftex.def Info: M6-fig11.png  used on input line 379.
(pdftex.def)             Requested size: 144.54pt x 119.14798pt.

Underfull \hbox (badness 10000) in paragraph at lines 379--387

 []


Underfull \hbox (badness 10000) in paragraph at lines 379--387

 []


Underfull \hbox (badness 10000) in paragraph at lines 379--387

 []


Underfull \hbox (badness 10000) in paragraph at lines 379--387

 []


Underfull \hbox (badness 10000) in paragraph at lines 379--387

 []

<M6-fig12.png, id=67, 222.8325pt x 183.68625pt>
File: M6-fig12.png Graphic file (type png)
<use M6-fig12.png>
Package pdftex.def Info: M6-fig12.png  used on input line 391.
(pdftex.def)             Requested size: 144.54pt x 119.14798pt.

Underfull \hbox (badness 10000) in paragraph at lines 391--399

 []


Underfull \hbox (badness 10000) in paragraph at lines 391--399

 []


Underfull \hbox (badness 10000) in paragraph at lines 391--399

 []


Underfull \vbox (badness 10000) has occurred while \output is active []

File: snhu_logo.png Graphic file (type png)
<use snhu_logo.png>
Package pdftex.def Info: snhu_logo.png  used on input line 399.
(pdftex.def)             Requested size: 72.27423pt x 40.15234pt.
 [11 <./M6-fig11.png> <./M6-fig12.png>]
File: snhu_logo.png Graphic file (type png)
<use snhu_logo.png>
Package pdftex.def Info: snhu_logo.png  used on input line 402.
(pdftex.def)             Requested size: 72.27423pt x 40.15234pt.
 [12]
<M6-fig13.png, id=76, 304.13625pt x 313.17pt>
File: M6-fig13.png Graphic file (type png)
<use M6-fig13.png>
Package pdftex.def Info: M6-fig13.png  used on input line 410.
(pdftex.def)             Requested size: 144.54pt x 148.83374pt.

Underfull \hbox (badness 10000) in paragraph at lines 407--418

 []


Underfull \hbox (badness 10000) in paragraph at lines 407--418

 []


Underfull \hbox (badness 10000) in paragraph at lines 407--418

 []


Underfull \hbox (badness 10000) in paragraph at lines 420--423

 []


Underfull \hbox (badness 10000) in paragraph at lines 420--423

 []


Underfull \hbox (badness 10000) in paragraph at lines 420--423

 []


Underfull \hbox (badness 10000) in paragraph at lines 420--423

 []


Underfull \hbox (badness 10000) in paragraph at lines 423--426

 []


Underfull \hbox (badness 10000) in paragraph at lines 423--426

 []


Underfull \hbox (badness 10000) in paragraph at lines 423--426

 []


Underfull \hbox (badness 10000) in paragraph at lines 423--426

 []


Underfull \hbox (badness 10000) in paragraph at lines 426--429

 []


Underfull \hbox (badness 10000) in paragraph at lines 426--429

 []


Underfull \hbox (badness 10000) in paragraph at lines 426--429

 []


Underfull \hbox (badness 10000) in paragraph at lines 426--429

 []


Underfull \hbox (badness 10000) in paragraph at lines 429--432

 []


Underfull \hbox (badness 10000) in paragraph at lines 429--432

 []


Underfull \hbox (badness 10000) in paragraph at lines 429--432

 []


Underfull \hbox (badness 10000) in paragraph at lines 429--432

 []

File: snhu_logo.png Graphic file (type png)
<use snhu_logo.png>
Package pdftex.def Info: snhu_logo.png  used on input line 435.
(pdftex.def)             Requested size: 72.27423pt x 40.15234pt.
[13 <./M6-fig13.png>]
<M6-fig14.png, id=83, 287.0725pt x 302.12875pt>
File: M6-fig14.png Graphic file (type png)
<use M6-fig14.png>
Package pdftex.def Info: M6-fig14.png  used on input line 442.
(pdftex.def)             Requested size: 144.54pt x 152.12431pt.

Underfull \hbox (badness 10000) in paragraph at lines 442--449

 []


Underfull \hbox (badness 10000) in paragraph at lines 442--449

 []


Underfull \hbox (badness 10000) in paragraph at lines 442--449

 []


Underfull \hbox (badness 10000) in paragraph at lines 450--453

 []


Underfull \hbox (badness 10000) in paragraph at lines 450--453

 []


Underfull \hbox (badness 10000) in paragraph at lines 450--453

 []


Underfull \hbox (badness 10000) in paragraph at lines 450--453

 []


Underfull \hbox (badness 10000) in paragraph at lines 453--456

 []


Underfull \hbox (badness 10000) in paragraph at lines 453--456

 []


Underfull \hbox (badness 10000) in paragraph at lines 453--456

 []


Underfull \hbox (badness 10000) in paragraph at lines 453--456

 []

File: snhu_logo.png Graphic file (type png)
<use snhu_logo.png>
Package pdftex.def Info: snhu_logo.png  used on input line 459.
(pdftex.def)             Requested size: 72.27423pt x 40.15234pt.
[14 <./M6-fig14.png>]
<M6-fig15.png, id=88, 245.91875pt x 146.5475pt>
File: M6-fig15.png Graphic file (type png)
<use M6-fig15.png>
Package pdftex.def Info: M6-fig15.png  used on input line 467.
(pdftex.def)             Requested size: 144.54pt x 86.13802pt.

Underfull \hbox (badness 10000) in paragraph at lines 463--473

 []


Underfull \hbox (badness 10000) in paragraph at lines 463--473

 []


Underfull \hbox (badness 10000) in paragraph at lines 463--473

 []


Underfull \hbox (badness 10000) in paragraph at lines 474--477

 []


Underfull \hbox (badness 10000) in paragraph at lines 474--477

 []


Underfull \hbox (badness 10000) in paragraph at lines 474--477

 []


Underfull \hbox (badness 10000) in paragraph at lines 477--479

 []


Underfull \hbox (badness 10000) in paragraph at lines 477--479

 []

File: snhu_logo.png Graphic file (type png)
<use snhu_logo.png>
Package pdftex.def Info: snhu_logo.png  used on input line 481.
(pdftex.def)             Requested size: 72.27423pt x 40.15234pt.
[15 <./M6-fig15.png>]
<M6-fig16.png, id=93, 317.185pt x 227.85126pt>
File: M6-fig16.png Graphic file (type png)
<use M6-fig16.png>
Package pdftex.def Info: M6-fig16.png  used on input line 488.
(pdftex.def)             Requested size: 144.54pt x 103.8324pt.

Underfull \hbox (badness 10000) in paragraph at lines 485--496

 []


Underfull \hbox (badness 10000) in paragraph at lines 485--496

 []


Underfull \hbox (badness 10000) in paragraph at lines 485--496

 []


Underfull \hbox (badness 10000) in paragraph at lines 485--496

 []


Overfull \hbox (7.13954pt too wide) in paragraph at lines 497--500
[]\OT1/cmr/m/n/10 Use Prim's al-go-rithm to com-pute the min-i-mum span-ning tr
ee for the weighted
 []


Underfull \hbox (badness 10000) in paragraph at lines 497--500

 []


Underfull \hbox (badness 10000) in paragraph at lines 497--500

 []


Underfull \hbox (badness 10000) in paragraph at lines 497--500

 []


Underfull \hbox (badness 10000) in paragraph at lines 497--500

 []


Underfull \hbox (badness 10000) in paragraph at lines 500--502

 []


Underfull \hbox (badness 10000) in paragraph at lines 500--502

 []


Underfull \hbox (badness 10000) in paragraph at lines 500--502

 []


Underfull \hbox (badness 10000) in paragraph at lines 500--502

 []


Underfull \hbox (badness 10000) in paragraph at lines 502--505

 []


Underfull \hbox (badness 10000) in paragraph at lines 502--505

 []


Underfull \hbox (badness 10000) in paragraph at lines 502--505

 []


Underfull \hbox (badness 10000) in paragraph at lines 502--505

 []

File: snhu_logo.png Graphic file (type png)
<use snhu_logo.png>
Package pdftex.def Info: snhu_logo.png  used on input line 508.
(pdftex.def)             Requested size: 72.27423pt x 40.15234pt.
[16 <./M6-fig16.png>] (./module6_assignment.aux) ) 
Here is how much of TeX's memory you used:
 3692 strings out of 494880
 46833 string characters out of 6179602
 110243 words of memory out of 5000000
 6799 multiletter control sequences out of 15000+600000
 9699 words of font info for 38 fonts, out of 8000000 for 9000
 197 hyphenation exceptions out of 8191
 41i,15n,43p,825b,552s stack positions out of 5000i,500n,10000p,200000b,80000s
</usr/share/texlive/texmf-dis
t/fonts/type1/public/amsfonts/cm/cmbx10.pfb></usr/share/texlive/texmf-dist/font
s/type1/public/amsfonts/cm/cmcsc10.pfb></usr/share/texlive/texmf-dist/fonts/typ
e1/public/amsfonts/cm/cmex10.pfb></usr/share/texlive/texmf-dist/fonts/type1/pub
lic/amsfonts/cm/cmmi10.pfb></usr/share/texlive/texmf-dist/fonts/type1/public/am
sfonts/cm/cmr10.pfb></usr/share/texlive/texmf-dist/fonts/type1/public/amsfonts/
cm/cmr7.pfb></usr/share/texlive/texmf-dist/fonts/type1/public/amsfonts/cm/cmss1
0.pfb></usr/share/texlive/texmf-dist/fonts/type1/public/amsfonts/cm/cmsy10.pfb>
</usr/share/texlive/texmf-dist/fonts/type1/public/amsfonts/cm/cmsy7.pfb></usr/s
hare/texlive/texmf-dist/fonts/type1/public/amsfonts/cm/cmti10.pfb>
Output written on module6_assignment.pdf (16 pages, 224761 bytes).
PDF statistics:
 131 PDF objects out of 1000 (max. 8388607)
 68 compressed objects within 1 object stream
 0 named destinations out of 1000 (max. 500000)
 86 words of extra memory for PDF output out of 10000 (max. 10000000)

